2019-10-20 10:07:36,370 [Worker-6: Loading available Gradle versions] INFO  o.e.b.c.i.u.g.PublishedGradleVersions - Gradle version information cache is out-of-date. Trying to update.
2019-10-20 10:17:35,708 [Worker-18: Creating project "com.automation.makemytrip"] INFO  o.e.m.c.i.l.LifecycleMappingFactory - Using org.eclipse.m2e.jdt.JarLifecycleMapping lifecycle mapping for MavenProject: com.automation.makemytrip:com.automation.makemytrip:0.0.1-SNAPSHOT @ C:\Users\athada\MakeMyTrip\com.automation.makemytrip\pom.xml.
2019-10-20 10:17:36,338 [Worker-18: Creating project "com.automation.makemytrip"] INFO  o.e.m.j.i.AbstractJavaProjectConfigurator - Adding source folder /com.automation.makemytrip/src/main/java
2019-10-20 10:17:36,339 [Worker-18: Creating project "com.automation.makemytrip"] INFO  o.e.m.j.i.AbstractJavaProjectConfigurator - Adding resource folder /com.automation.makemytrip/src/main/resources
2019-10-20 10:17:36,341 [Worker-18: Creating project "com.automation.makemytrip"] INFO  o.e.m.j.i.AbstractJavaProjectConfigurator - Adding source folder /com.automation.makemytrip/src/test/java
2019-10-20 10:17:36,341 [Worker-18: Creating project "com.automation.makemytrip"] INFO  o.e.m.j.i.AbstractJavaProjectConfigurator - Adding resource folder /com.automation.makemytrip/src/test/resources
2019-10-20 10:17:37,275 [Worker-9: Building workspace] WARN  o.e.m.c.i.embedder.EclipseLogger - Using platform encoding (Cp1252 actually) to copy filtered resources, i.e. build is platform dependent!
2019-10-20 10:17:37,281 [Worker-9: Building workspace] INFO  o.e.m.c.i.embedder.EclipseLogger - Copying 0 resource
2019-10-20 10:17:37,283 [Worker-9: Building workspace] WARN  o.e.m.c.i.embedder.EclipseLogger - Using platform encoding (Cp1252 actually) to copy filtered resources, i.e. build is platform dependent!
2019-10-20 10:17:37,284 [Worker-9: Building workspace] INFO  o.e.m.c.i.embedder.EclipseLogger - Copying 0 resource
2019-10-20 10:17:46,900 [Worker-17: Building workspace] WARN  o.e.m.c.i.embedder.EclipseLogger - Using platform encoding (Cp1252 actually) to copy filtered resources, i.e. build is platform dependent!
2019-10-20 10:17:46,903 [Worker-17: Building workspace] INFO  o.e.m.c.i.embedder.EclipseLogger - Copying 0 resource
2019-10-20 10:17:46,904 [Worker-17: Building workspace] WARN  o.e.m.c.i.embedder.EclipseLogger - Using platform encoding (Cp1252 actually) to copy filtered resources, i.e. build is platform dependent!
2019-10-20 10:17:46,905 [Worker-17: Building workspace] INFO  o.e.m.c.i.embedder.EclipseLogger - Copying 0 resource
2019-10-20 10:17:50,647 [Worker-20: Building workspace] WARN  o.e.m.c.i.embedder.EclipseLogger - Using platform encoding (Cp1252 actually) to copy filtered resources, i.e. build is platform dependent!
2019-10-20 10:17:50,648 [Worker-20: Building workspace] INFO  o.e.m.c.i.embedder.EclipseLogger - skip non existing resourceDirectory C:\Users\athada\MakeMyTrip\com.automation.makemytrip\src\main\resources
2019-10-20 10:17:50,651 [Worker-20: Building workspace] WARN  o.e.m.c.i.embedder.EclipseLogger - Using platform encoding (Cp1252 actually) to copy filtered resources, i.e. build is platform dependent!
2019-10-20 10:17:50,652 [Worker-20: Building workspace] INFO  o.e.m.c.i.embedder.EclipseLogger - skip non existing resourceDirectory C:\Users\athada\MakeMyTrip\com.automation.makemytrip\src\test\resources
2019-10-20 10:18:01,433 [Worker-9: Building workspace] WARN  o.e.m.c.i.embedder.EclipseLogger - Using platform encoding (Cp1252 actually) to copy filtered resources, i.e. build is platform dependent!
2019-10-20 10:18:01,434 [Worker-9: Building workspace] INFO  o.e.m.c.i.embedder.EclipseLogger - skip non existing resourceDirectory C:\Users\athada\MakeMyTrip\com.automation.makemytrip\src\main\resources
2019-10-20 10:18:01,436 [Worker-9: Building workspace] WARN  o.e.m.c.i.embedder.EclipseLogger - Using platform encoding (Cp1252 actually) to copy filtered resources, i.e. build is platform dependent!
2019-10-20 10:18:01,437 [Worker-9: Building workspace] INFO  o.e.m.c.i.embedder.EclipseLogger - skip non existing resourceDirectory C:\Users\athada\MakeMyTrip\com.automation.makemytrip\src\test\resources
2019-10-20 10:18:08,381 [Worker-20: Building workspace] WARN  o.e.m.c.i.embedder.EclipseLogger - Using platform encoding (Cp1252 actually) to copy filtered resources, i.e. build is platform dependent!
2019-10-20 10:18:08,382 [Worker-20: Building workspace] INFO  o.e.m.c.i.embedder.EclipseLogger - skip non existing resourceDirectory C:\Users\athada\MakeMyTrip\com.automation.makemytrip\src\main\resources
2019-10-20 10:18:08,383 [Worker-20: Building workspace] WARN  o.e.m.c.i.embedder.EclipseLogger - Using platform encoding (Cp1252 actually) to copy filtered resources, i.e. build is platform dependent!
2019-10-20 10:18:08,384 [Worker-20: Building workspace] INFO  o.e.m.c.i.embedder.EclipseLogger - skip non existing resourceDirectory C:\Users\athada\MakeMyTrip\com.automation.makemytrip\src\test\resources
2019-10-20 10:20:30,726 [Worker-21: Building workspace] WARN  o.e.m.c.i.embedder.EclipseLogger - Using platform encoding (Cp1252 actually) to copy filtered resources, i.e. build is platform dependent!
2019-10-20 10:20:30,727 [Worker-21: Building workspace] INFO  o.e.m.c.i.embedder.EclipseLogger - skip non existing resourceDirectory C:\Users\athada\MakeMyTrip\com.automation.makemytrip\src\main\resources
2019-10-20 10:20:30,728 [Worker-21: Building workspace] WARN  o.e.m.c.i.embedder.EclipseLogger - Using platform encoding (Cp1252 actually) to copy filtered resources, i.e. build is platform dependent!
2019-10-20 10:20:30,729 [Worker-21: Building workspace] INFO  o.e.m.c.i.embedder.EclipseLogger - skip non existing resourceDirectory C:\Users\athada\MakeMyTrip\com.automation.makemytrip\src\test\resources
2019-10-20 10:20:39,787 [Worker-23: Building workspace] WARN  o.e.m.c.i.embedder.EclipseLogger - Using platform encoding (Cp1252 actually) to copy filtered resources, i.e. build is platform dependent!
2019-10-20 10:20:39,788 [Worker-23: Building workspace] INFO  o.e.m.c.i.embedder.EclipseLogger - skip non existing resourceDirectory C:\Users\athada\MakeMyTrip\com.automation.makemytrip\src\main\resources
2019-10-20 10:20:39,789 [Worker-23: Building workspace] WARN  o.e.m.c.i.embedder.EclipseLogger - Using platform encoding (Cp1252 actually) to copy filtered resources, i.e. build is platform dependent!
2019-10-20 10:20:39,790 [Worker-23: Building workspace] INFO  o.e.m.c.i.embedder.EclipseLogger - skip non existing resourceDirectory C:\Users\athada\MakeMyTrip\com.automation.makemytrip\src\test\resources
2019-10-20 10:20:51,917 [Worker-18: Building workspace] INFO  o.e.m.c.i.l.LifecycleMappingFactory - Using org.eclipse.m2e.jdt.JarLifecycleMapping lifecycle mapping for MavenProject: com.automation.makemytrip:com.automation.makemytrip:0.0.1-SNAPSHOT @ C:\Users\athada\git\MakeMyTrip\com.automation.makemytrip\pom.xml.
2019-10-20 10:20:51,967 [Worker-18: Building workspace] WARN  o.e.m.c.i.embedder.EclipseLogger - Using platform encoding (Cp1252 actually) to copy filtered resources, i.e. build is platform dependent!
2019-10-20 10:20:51,968 [Worker-18: Building workspace] INFO  o.e.m.c.i.embedder.EclipseLogger - skip non existing resourceDirectory C:\Users\athada\git\MakeMyTrip\com.automation.makemytrip\src\main\resources
2019-10-20 10:20:51,971 [Worker-18: Building workspace] WARN  o.e.m.c.i.embedder.EclipseLogger - Using platform encoding (Cp1252 actually) to copy filtered resources, i.e. build is platform dependent!
2019-10-20 10:20:51,972 [Worker-18: Building workspace] INFO  o.e.m.c.i.embedder.EclipseLogger - skip non existing resourceDirectory C:\Users\athada\git\MakeMyTrip\com.automation.makemytrip\src\test\resources
2019-10-20 10:21:17,630 [Worker-18: Updating Maven Project] INFO  o.e.m.c.i.p.ProjectConfigurationManager - Update started
2019-10-20 10:21:18,101 [Worker-18: Updating Maven Project] INFO  o.e.m.c.i.l.LifecycleMappingFactory - Using org.eclipse.m2e.jdt.JarLifecycleMapping lifecycle mapping for MavenProject: com.automation.makemytrip:com.automation.makemytrip:0.0.1-SNAPSHOT @ C:\Users\athada\git\MakeMyTrip\com.automation.makemytrip\pom.xml.
2019-10-20 10:21:18,228 [Worker-18: Updating Maven Project] INFO  o.e.m.j.i.AbstractJavaProjectConfigurator - Not adding source folder /MakeMyTrip/src/main/java because it overlaps with /MakeMyTrip/src
2019-10-20 10:21:18,228 [Worker-18: Updating Maven Project] INFO  o.e.m.j.i.AbstractJavaProjectConfigurator - Not adding source folder /MakeMyTrip/src/test/java because it overlaps with /MakeMyTrip/src
2019-10-20 10:21:18,340 [Worker-18: Updating Maven Project] INFO  o.e.m.c.i.p.ProjectConfigurationManager - Update completed: 0 sec
2019-10-20 10:21:18,488 [Worker-23: Building workspace] WARN  o.e.m.c.i.embedder.EclipseLogger - Using platform encoding (Cp1252 actually) to copy filtered resources, i.e. build is platform dependent!
2019-10-20 10:21:18,489 [Worker-23: Building workspace] INFO  o.e.m.c.i.embedder.EclipseLogger - skip non existing resourceDirectory C:\Users\athada\git\MakeMyTrip\com.automation.makemytrip\src\main\resources
2019-10-20 10:21:18,491 [Worker-23: Building workspace] WARN  o.e.m.c.i.embedder.EclipseLogger - Using platform encoding (Cp1252 actually) to copy filtered resources, i.e. build is platform dependent!
2019-10-20 10:21:18,492 [Worker-23: Building workspace] INFO  o.e.m.c.i.embedder.EclipseLogger - skip non existing resourceDirectory C:\Users\athada\git\MakeMyTrip\com.automation.makemytrip\src\test\resources
2019-10-20 10:30:59,455 [Worker-0: Loading available Gradle versions] INFO  o.e.b.c.i.u.g.PublishedGradleVersions - Gradle version information cache is up-to-date. Trying to read.
2019-10-20 10:32:52,698 [Worker-5: Creating project "com.automation.makemytrip"] INFO  o.e.m.c.i.l.LifecycleMappingFactory - Using org.eclipse.m2e.jdt.JarLifecycleMapping lifecycle mapping for MavenProject: MakeMyTrip:com.automation.makemytrip:0.0.1-SNAPSHOT @ C:\Users\athada\MakeMyTrip\com.automation.makemytrip\pom.xml.
2019-10-20 10:32:53,148 [Worker-5: Creating project "com.automation.makemytrip"] INFO  o.e.m.j.i.AbstractJavaProjectConfigurator - Adding source folder /com.automation.makemytrip/src/main/java
2019-10-20 10:32:53,149 [Worker-5: Creating project "com.automation.makemytrip"] INFO  o.e.m.j.i.AbstractJavaProjectConfigurator - Adding resource folder /com.automation.makemytrip/src/main/resources
2019-10-20 10:32:53,150 [Worker-5: Creating project "com.automation.makemytrip"] INFO  o.e.m.j.i.AbstractJavaProjectConfigurator - Adding source folder /com.automation.makemytrip/src/test/java
2019-10-20 10:32:53,150 [Worker-5: Creating project "com.automation.makemytrip"] INFO  o.e.m.j.i.AbstractJavaProjectConfigurator - Adding resource folder /com.automation.makemytrip/src/test/resources
2019-10-20 10:32:54,081 [Worker-12: Building workspace] WARN  o.e.m.c.i.embedder.EclipseLogger - Using platform encoding (Cp1252 actually) to copy filtered resources, i.e. build is platform dependent!
2019-10-20 10:32:54,086 [Worker-12: Building workspace] INFO  o.e.m.c.i.embedder.EclipseLogger - Copying 0 resource
2019-10-20 10:32:54,088 [Worker-12: Building workspace] WARN  o.e.m.c.i.embedder.EclipseLogger - Using platform encoding (Cp1252 actually) to copy filtered resources, i.e. build is platform dependent!
2019-10-20 10:32:54,089 [Worker-12: Building workspace] INFO  o.e.m.c.i.embedder.EclipseLogger - Copying 0 resource
2019-10-20 10:33:06,907 [Worker-15: Building workspace] INFO  o.e.m.c.i.l.LifecycleMappingFactory - Using org.eclipse.m2e.jdt.JarLifecycleMapping lifecycle mapping for MavenProject: MakeMyTrip:com.automation.makemytrip:0.0.1-SNAPSHOT @ C:\Users\athada\MakeMyTrip\MakeMytrip\pom.xml.
2019-10-20 10:33:06,983 [Worker-15: Building workspace] WARN  o.e.m.c.i.embedder.EclipseLogger - Using platform encoding (Cp1252 actually) to copy filtered resources, i.e. build is platform dependent!
2019-10-20 10:33:06,985 [Worker-15: Building workspace] INFO  o.e.m.c.i.embedder.EclipseLogger - Copying 0 resource
2019-10-20 10:33:06,986 [Worker-15: Building workspace] WARN  o.e.m.c.i.embedder.EclipseLogger - Using platform encoding (Cp1252 actually) to copy filtered resources, i.e. build is platform dependent!
2019-10-20 10:33:06,987 [Worker-15: Building workspace] INFO  o.e.m.c.i.embedder.EclipseLogger - Copying 0 resource
2019-10-20 10:33:22,095 [Worker-9: Building workspace] WARN  o.e.m.c.i.embedder.EclipseLogger - Using platform encoding (Cp1252 actually) to copy filtered resources, i.e. build is platform dependent!
2019-10-20 10:33:22,096 [Worker-9: Building workspace] INFO  o.e.m.c.i.embedder.EclipseLogger - skip non existing resourceDirectory C:\Users\athada\MakeMyTrip\MakeMytrip\src\main\resources
2019-10-20 10:33:22,098 [Worker-9: Building workspace] WARN  o.e.m.c.i.embedder.EclipseLogger - Using platform encoding (Cp1252 actually) to copy filtered resources, i.e. build is platform dependent!
2019-10-20 10:33:22,099 [Worker-9: Building workspace] INFO  o.e.m.c.i.embedder.EclipseLogger - skip non existing resourceDirectory C:\Users\athada\MakeMyTrip\MakeMytrip\src\test\resources
2019-10-20 10:33:27,158 [Worker-5: Building workspace] WARN  o.e.m.c.i.embedder.EclipseLogger - Using platform encoding (Cp1252 actually) to copy filtered resources, i.e. build is platform dependent!
2019-10-20 10:33:27,159 [Worker-5: Building workspace] INFO  o.e.m.c.i.embedder.EclipseLogger - skip non existing resourceDirectory C:\Users\athada\MakeMyTrip\MakeMytrip\src\main\resources
2019-10-20 10:33:27,160 [Worker-5: Building workspace] WARN  o.e.m.c.i.embedder.EclipseLogger - Using platform encoding (Cp1252 actually) to copy filtered resources, i.e. build is platform dependent!
2019-10-20 10:33:27,161 [Worker-5: Building workspace] INFO  o.e.m.c.i.embedder.EclipseLogger - skip non existing resourceDirectory C:\Users\athada\MakeMyTrip\MakeMytrip\src\test\resources
2019-10-20 10:33:33,373 [Worker-15: Building workspace] WARN  o.e.m.c.i.embedder.EclipseLogger - Using platform encoding (Cp1252 actually) to copy filtered resources, i.e. build is platform dependent!
2019-10-20 10:33:33,374 [Worker-15: Building workspace] INFO  o.e.m.c.i.embedder.EclipseLogger - skip non existing resourceDirectory C:\Users\athada\MakeMyTrip\MakeMytrip\src\main\resources
